<?xml version="1.0" encoding="UTF-8"?>
<!-- Generated by org.testng.reporters.JUnitXMLReporter -->
<testsuite hostname="Siddharth-mbpr.local" name="Default test" tests="3" failures="0" timestamp="10 Apr 2017 19:18:40 GMT" time="258.332" errors="0">
  <testcase name="NewAccountSignup" time="77.134" classname="com.playphone.msportsUI.DeleteFacebookAccount"/>
  <testcase name="NewAccountSignup" time="71.321" classname="com.playphone.msportsUI.DeleteGoogleAccount"/>
  <testcase name="NewAccountSignup" time="74.881" classname="com.playphone.msportsUI.DeleteAccount"/>
</testsuite> <!-- Default test -->
