<?xml version="1.0" encoding="UTF-8"?>
<testng-results skipped="0" failed="0" total="19" passed="19">
  <reporter-output>
  </reporter-output>
  <suite name="TestSuite" duration-ms="750031" started-at="2017-03-16T23:09:39Z" finished-at="2017-03-16T23:22:09Z">
    <groups>
    </groups>
    <test name="Sanity" duration-ms="750031" started-at="2017-03-16T23:09:39Z" finished-at="2017-03-16T23:22:09Z">
      <class name="com.playphone.msportsUI.AccountSignupNegative">
        <test-method status="PASS" signature="ti()[pri:0, instance:com.playphone.msportsUI.AccountSignupNegative@49993335]" name="ti" is-config="true" duration-ms="9530" started-at="2017-03-16T16:14:26Z" finished-at="2017-03-16T16:14:35Z">
          <reporter-output>
          </reporter-output>
        </test-method> <!-- ti -->
        <test-method status="PASS" signature="SignupNegative()[pri:0, instance:com.playphone.msportsUI.AccountSignupNegative@49993335]" name="SignupNegative" duration-ms="43143" started-at="2017-03-16T16:14:35Z" finished-at="2017-03-16T16:15:18Z">
          <reporter-output>
          </reporter-output>
        </test-method> <!-- SignupNegative -->
        <test-method status="PASS" signature="tearDown()[pri:0, instance:com.playphone.msportsUI.AccountSignupNegative@49993335]" name="tearDown" is-config="true" duration-ms="373" started-at="2017-03-16T16:15:18Z" finished-at="2017-03-16T16:15:19Z">
          <reporter-output>
          </reporter-output>
        </test-method> <!-- tearDown -->
      </class> <!-- com.playphone.msportsUI.AccountSignupNegative -->
      <class name="com.playphone.msportsUI.HomePageSupportContactUs">
        <test-method status="PASS" signature="ti()[pri:0, instance:com.playphone.msportsUI.HomePageSupportContactUs@10bdf5e5]" name="ti" is-config="true" duration-ms="9225" started-at="2017-03-16T16:19:10Z" finished-at="2017-03-16T16:19:20Z">
          <reporter-output>
          </reporter-output>
        </test-method> <!-- ti -->
        <test-method status="PASS" signature="SupportContactUs()[pri:0, instance:com.playphone.msportsUI.HomePageSupportContactUs@10bdf5e5]" name="SupportContactUs" duration-ms="12327" started-at="2017-03-16T16:19:20Z" finished-at="2017-03-16T16:19:32Z">
          <reporter-output>
          </reporter-output>
        </test-method> <!-- SupportContactUs -->
        <test-method status="PASS" signature="tearDown()[pri:0, instance:com.playphone.msportsUI.HomePageSupportContactUs@10bdf5e5]" name="tearDown" is-config="true" duration-ms="257" started-at="2017-03-16T16:19:32Z" finished-at="2017-03-16T16:19:32Z">
          <reporter-output>
          </reporter-output>
        </test-method> <!-- tearDown -->
      </class> <!-- com.playphone.msportsUI.HomePageSupportContactUs -->
      <class name="com.playphone.msportsUI.HomePageSupportPrivacyPolicy">
        <test-method status="PASS" signature="ti()[pri:0, instance:com.playphone.msportsUI.HomePageSupportPrivacyPolicy@148080bb]" name="ti" is-config="true" duration-ms="9363" started-at="2017-03-16T16:18:26Z" finished-at="2017-03-16T16:18:35Z">
          <reporter-output>
          </reporter-output>
        </test-method> <!-- ti -->
        <test-method status="PASS" signature="SupportPrivacyPolicy()[pri:0, instance:com.playphone.msportsUI.HomePageSupportPrivacyPolicy@148080bb]" name="SupportPrivacyPolicy" duration-ms="12319" started-at="2017-03-16T16:18:35Z" finished-at="2017-03-16T16:18:47Z">
          <reporter-output>
          </reporter-output>
        </test-method> <!-- SupportPrivacyPolicy -->
        <test-method status="PASS" signature="tearDown()[pri:0, instance:com.playphone.msportsUI.HomePageSupportPrivacyPolicy@148080bb]" name="tearDown" is-config="true" duration-ms="269" started-at="2017-03-16T16:18:47Z" finished-at="2017-03-16T16:18:48Z">
          <reporter-output>
          </reporter-output>
        </test-method> <!-- tearDown -->
      </class> <!-- com.playphone.msportsUI.HomePageSupportPrivacyPolicy -->
      <class name="com.playphone.msportsUI.AccountSignUpWithFacebook">
        <test-method status="PASS" signature="ti()[pri:0, instance:com.playphone.msportsUI.AccountSignUpWithFacebook@20322d26]" name="ti" is-config="true" duration-ms="11236" started-at="2017-03-16T16:15:19Z" finished-at="2017-03-16T16:15:30Z">
          <reporter-output>
          </reporter-output>
        </test-method> <!-- ti -->
        <test-method status="PASS" signature="NewAccountSignup()[pri:0, instance:com.playphone.msportsUI.AccountSignUpWithFacebook@20322d26]" name="NewAccountSignup" duration-ms="46602" started-at="2017-03-16T16:15:30Z" finished-at="2017-03-16T16:16:16Z">
          <reporter-output>
          </reporter-output>
        </test-method> <!-- NewAccountSignup -->
        <test-method status="PASS" signature="tearDown()[pri:0, instance:com.playphone.msportsUI.AccountSignUpWithFacebook@20322d26]" name="tearDown" is-config="true" duration-ms="294" started-at="2017-03-16T16:16:16Z" finished-at="2017-03-16T16:16:17Z">
          <reporter-output>
          </reporter-output>
        </test-method> <!-- tearDown -->
      </class> <!-- com.playphone.msportsUI.AccountSignUpWithFacebook -->
      <class name="com.playphone.msportsUI.AccountLoginValidUsernamePassword">
        <test-method status="PASS" signature="ti()[pri:0, instance:com.playphone.msportsUI.AccountLoginValidUsernamePassword@5649fd9b]" name="ti" is-config="true" duration-ms="9438" started-at="2017-03-16T16:10:45Z" finished-at="2017-03-16T16:10:55Z">
          <reporter-output>
          </reporter-output>
        </test-method> <!-- ti -->
        <test-method status="PASS" signature="TestValidLogin()[pri:0, instance:com.playphone.msportsUI.AccountLoginValidUsernamePassword@5649fd9b]" name="TestValidLogin" duration-ms="28586" started-at="2017-03-16T16:10:55Z" finished-at="2017-03-16T16:11:23Z">
          <reporter-output>
          </reporter-output>
        </test-method> <!-- TestValidLogin -->
        <test-method status="PASS" signature="tearDown()[pri:0, instance:com.playphone.msportsUI.AccountLoginValidUsernamePassword@5649fd9b]" name="tearDown" is-config="true" duration-ms="274" started-at="2017-03-16T16:11:23Z" finished-at="2017-03-16T16:11:24Z">
          <reporter-output>
          </reporter-output>
        </test-method> <!-- tearDown -->
      </class> <!-- com.playphone.msportsUI.AccountLoginValidUsernamePassword -->
      <class name="com.playphone.msportsUI.HomePageLogout">
        <test-method status="PASS" signature="ti()[pri:0, instance:com.playphone.msportsUI.HomePageLogout@6e1ec318]" name="ti" is-config="true" duration-ms="9667" started-at="2017-03-16T16:19:32Z" finished-at="2017-03-16T16:19:42Z">
          <reporter-output>
          </reporter-output>
        </test-method> <!-- ti -->
        <test-method status="PASS" signature="TestValidLogin()[pri:0, instance:com.playphone.msportsUI.HomePageLogout@6e1ec318]" name="TestValidLogin" duration-ms="35323" started-at="2017-03-16T16:19:42Z" finished-at="2017-03-16T16:20:17Z">
          <reporter-output>
          </reporter-output>
        </test-method> <!-- TestValidLogin -->
        <test-method status="PASS" signature="tearDown()[pri:0, instance:com.playphone.msportsUI.HomePageLogout@6e1ec318]" name="tearDown" is-config="true" duration-ms="278" started-at="2017-03-16T16:20:17Z" finished-at="2017-03-16T16:20:18Z">
          <reporter-output>
          </reporter-output>
        </test-method> <!-- tearDown -->
      </class> <!-- com.playphone.msportsUI.HomePageLogout -->
      <class name="com.playphone.msportsUI.AccountSignup">
        <test-method status="PASS" signature="ti()[pri:0, instance:com.playphone.msportsUI.AccountSignup@2d928643]" name="ti" is-config="true" duration-ms="9619" started-at="2017-03-16T16:12:14Z" finished-at="2017-03-16T16:12:24Z">
          <reporter-output>
          </reporter-output>
        </test-method> <!-- ti -->
        <test-method status="PASS" signature="NewAccountSignup()[pri:0, instance:com.playphone.msportsUI.AccountSignup@2d928643]" name="NewAccountSignup" duration-ms="57661" started-at="2017-03-16T16:12:24Z" finished-at="2017-03-16T16:13:21Z">
          <reporter-output>
          </reporter-output>
        </test-method> <!-- NewAccountSignup -->
        <test-method status="PASS" signature="tearDown()[pri:0, instance:com.playphone.msportsUI.AccountSignup@2d928643]" name="tearDown" is-config="true" duration-ms="271" started-at="2017-03-16T16:13:21Z" finished-at="2017-03-16T16:13:21Z">
          <reporter-output>
          </reporter-output>
        </test-method> <!-- tearDown -->
      </class> <!-- com.playphone.msportsUI.AccountSignup -->
      <class name="com.playphone.msportsUI.HomePageSupportFAQ">
        <test-method status="PASS" signature="ti()[pri:0, instance:com.playphone.msportsUI.HomePageSupportFAQ@64bfbc86]" name="ti" is-config="true" duration-ms="9509" started-at="2017-03-16T16:17:10Z" finished-at="2017-03-16T16:17:19Z">
          <reporter-output>
          </reporter-output>
        </test-method> <!-- ti -->
        <test-method status="PASS" signature="SupportFAQ()[pri:0, instance:com.playphone.msportsUI.HomePageSupportFAQ@64bfbc86]" name="SupportFAQ" duration-ms="12342" started-at="2017-03-16T16:17:19Z" finished-at="2017-03-16T16:17:32Z">
          <reporter-output>
          </reporter-output>
        </test-method> <!-- SupportFAQ -->
        <test-method status="PASS" signature="tearDown()[pri:0, instance:com.playphone.msportsUI.HomePageSupportFAQ@64bfbc86]" name="tearDown" is-config="true" duration-ms="275" started-at="2017-03-16T16:17:32Z" finished-at="2017-03-16T16:17:32Z">
          <reporter-output>
          </reporter-output>
        </test-method> <!-- tearDown -->
      </class> <!-- com.playphone.msportsUI.HomePageSupportFAQ -->
      <class name="com.playphone.msportsUI.AccountLoginUsernameNegative">
        <test-method status="PASS" signature="ti()[pri:0, instance:com.playphone.msportsUI.AccountLoginUsernameNegative@29ca901e]" name="ti" is-config="true" duration-ms="9569" started-at="2017-03-16T16:10:13Z" finished-at="2017-03-16T16:10:22Z">
          <reporter-output>
          </reporter-output>
        </test-method> <!-- ti -->
        <test-method status="PASS" signature="TestInvalidUsername()[pri:0, instance:com.playphone.msportsUI.AccountLoginUsernameNegative@29ca901e]" name="TestInvalidUsername" duration-ms="22818" started-at="2017-03-16T16:10:22Z" finished-at="2017-03-16T16:10:45Z">
          <reporter-output>
          </reporter-output>
        </test-method> <!-- TestInvalidUsername -->
        <test-method status="PASS" signature="tearDown()[pri:0, instance:com.playphone.msportsUI.AccountLoginUsernameNegative@29ca901e]" name="tearDown" is-config="true" duration-ms="269" started-at="2017-03-16T16:10:45Z" finished-at="2017-03-16T16:10:45Z">
          <reporter-output>
          </reporter-output>
        </test-method> <!-- tearDown -->
      </class> <!-- com.playphone.msportsUI.AccountLoginUsernameNegative -->
      <class name="com.playphone.msportsUI.SignupPrivacyPolicy">
        <test-method status="PASS" signature="ti()[pri:0, instance:com.playphone.msportsUI.SignupPrivacyPolicy@1e127982]" name="ti" is-config="true" duration-ms="9974" started-at="2017-03-16T16:21:28Z" finished-at="2017-03-16T16:21:38Z">
          <reporter-output>
          </reporter-output>
        </test-method> <!-- ti -->
        <test-method status="PASS" signature="PrivacyPolicy()[pri:0, instance:com.playphone.msportsUI.SignupPrivacyPolicy@1e127982]" name="PrivacyPolicy" duration-ms="31354" started-at="2017-03-16T16:21:38Z" finished-at="2017-03-16T16:22:09Z">
          <reporter-output>
          </reporter-output>
        </test-method> <!-- PrivacyPolicy -->
        <test-method status="PASS" signature="tearDown()[pri:0, instance:com.playphone.msportsUI.SignupPrivacyPolicy@1e127982]" name="tearDown" is-config="true" duration-ms="273" started-at="2017-03-16T16:22:09Z" finished-at="2017-03-16T16:22:09Z">
          <reporter-output>
          </reporter-output>
        </test-method> <!-- tearDown -->
      </class> <!-- com.playphone.msportsUI.SignupPrivacyPolicy -->
      <class name="com.playphone.msportsUI.HomePageSupportTC">
        <test-method status="PASS" signature="ti()[pri:0, instance:com.playphone.msportsUI.HomePageSupportTC@dc24521]" name="ti" is-config="true" duration-ms="9437" started-at="2017-03-16T16:18:48Z" finished-at="2017-03-16T16:18:57Z">
          <reporter-output>
          </reporter-output>
        </test-method> <!-- ti -->
        <test-method status="PASS" signature="SupportTC()[pri:0, instance:com.playphone.msportsUI.HomePageSupportTC@dc24521]" name="SupportTC" duration-ms="12991" started-at="2017-03-16T16:18:57Z" finished-at="2017-03-16T16:19:10Z">
          <reporter-output>
          </reporter-output>
        </test-method> <!-- SupportTC -->
        <test-method status="PASS" signature="tearDown()[pri:0, instance:com.playphone.msportsUI.HomePageSupportTC@dc24521]" name="tearDown" is-config="true" duration-ms="267" started-at="2017-03-16T16:19:10Z" finished-at="2017-03-16T16:19:10Z">
          <reporter-output>
          </reporter-output>
        </test-method> <!-- tearDown -->
      </class> <!-- com.playphone.msportsUI.HomePageSupportTC -->
      <class name="com.playphone.msportsUI.HomePageSupportFeedback">
        <test-method status="PASS" signature="ti()[pri:0, instance:com.playphone.msportsUI.HomePageSupportFeedback@55d56113]" name="ti" is-config="true" duration-ms="9603" started-at="2017-03-16T16:18:04Z" finished-at="2017-03-16T16:18:13Z">
          <reporter-output>
          </reporter-output>
        </test-method> <!-- ti -->
        <test-method status="PASS" signature="SupportFeedback()[pri:0, instance:com.playphone.msportsUI.HomePageSupportFeedback@55d56113]" name="SupportFeedback" duration-ms="12396" started-at="2017-03-16T16:18:13Z" finished-at="2017-03-16T16:18:26Z">
          <reporter-output>
          </reporter-output>
        </test-method> <!-- SupportFeedback -->
        <test-method status="PASS" signature="tearDown()[pri:0, instance:com.playphone.msportsUI.HomePageSupportFeedback@55d56113]" name="tearDown" is-config="true" duration-ms="273" started-at="2017-03-16T16:18:26Z" finished-at="2017-03-16T16:18:26Z">
          <reporter-output>
          </reporter-output>
        </test-method> <!-- tearDown -->
      </class> <!-- com.playphone.msportsUI.HomePageSupportFeedback -->
      <class name="com.playphone.msportsUI.forgotpasswordloginpage">
        <test-method status="PASS" signature="ti()[pri:0, instance:com.playphone.msportsUI.forgotpasswordloginpage@7e0b0338]" name="ti" is-config="true" duration-ms="9965" started-at="2017-03-16T16:20:18Z" finished-at="2017-03-16T16:20:27Z">
          <reporter-output>
          </reporter-output>
        </test-method> <!-- ti -->
        <test-method status="PASS" signature="forgotpassword()[pri:0, instance:com.playphone.msportsUI.forgotpasswordloginpage@7e0b0338]" name="forgotpassword" duration-ms="27078" started-at="2017-03-16T16:20:27Z" finished-at="2017-03-16T16:20:55Z">
          <reporter-output>
          </reporter-output>
        </test-method> <!-- forgotpassword -->
        <test-method status="PASS" signature="tearDown()[pri:0, instance:com.playphone.msportsUI.forgotpasswordloginpage@7e0b0338]" name="tearDown" is-config="true" duration-ms="263" started-at="2017-03-16T16:20:55Z" finished-at="2017-03-16T16:20:55Z">
          <reporter-output>
          </reporter-output>
        </test-method> <!-- tearDown -->
      </class> <!-- com.playphone.msportsUI.forgotpasswordloginpage -->
      <class name="com.playphone.msportsUI.AccountLogout">
        <test-method status="PASS" signature="ti()[pri:0, instance:com.playphone.msportsUI.AccountLogout@6adede5]" name="ti" is-config="true" duration-ms="8823" started-at="2017-03-16T16:11:24Z" finished-at="2017-03-16T16:11:32Z">
          <reporter-output>
          </reporter-output>
        </test-method> <!-- ti -->
        <test-method status="PASS" signature="TestValidLogin()[pri:0, instance:com.playphone.msportsUI.AccountLogout@6adede5]" name="TestValidLogin" duration-ms="41278" started-at="2017-03-16T16:11:32Z" finished-at="2017-03-16T16:12:14Z">
          <reporter-output>
          </reporter-output>
        </test-method> <!-- TestValidLogin -->
        <test-method status="PASS" signature="tearDown()[pri:0, instance:com.playphone.msportsUI.AccountLogout@6adede5]" name="tearDown" is-config="true" duration-ms="268" started-at="2017-03-16T16:12:14Z" finished-at="2017-03-16T16:12:14Z">
          <reporter-output>
          </reporter-output>
        </test-method> <!-- tearDown -->
      </class> <!-- com.playphone.msportsUI.AccountLogout -->
      <class name="com.playphone.msportsUI.AccountLoginPasswordNegative">
        <test-method status="PASS" signature="ti()[pri:0, instance:com.playphone.msportsUI.AccountLoginPasswordNegative@4bec1f0c]" name="ti" is-config="true" duration-ms="10171" started-at="2017-03-16T16:09:39Z" finished-at="2017-03-16T16:09:49Z">
          <reporter-output>
          </reporter-output>
        </test-method> <!-- ti -->
        <test-method status="PASS" signature="TestInvalidPassword()[pri:0, instance:com.playphone.msportsUI.AccountLoginPasswordNegative@4bec1f0c]" name="TestInvalidPassword" duration-ms="22779" started-at="2017-03-16T16:09:49Z" finished-at="2017-03-16T16:10:12Z">
          <reporter-output>
          </reporter-output>
        </test-method> <!-- TestInvalidPassword -->
        <test-method status="PASS" signature="tearDown()[pri:0, instance:com.playphone.msportsUI.AccountLoginPasswordNegative@4bec1f0c]" name="tearDown" is-config="true" duration-ms="275" started-at="2017-03-16T16:10:12Z" finished-at="2017-03-16T16:10:13Z">
          <reporter-output>
          </reporter-output>
        </test-method> <!-- tearDown -->
      </class> <!-- com.playphone.msportsUI.AccountLoginPasswordNegative -->
      <class name="com.playphone.msportsUI.AccountSignUpWithGoogle">
        <test-method status="PASS" signature="ti()[pri:0, instance:com.playphone.msportsUI.AccountSignUpWithGoogle@192b07fd]" name="ti" is-config="true" duration-ms="9338" started-at="2017-03-16T16:16:17Z" finished-at="2017-03-16T16:16:26Z">
          <reporter-output>
          </reporter-output>
        </test-method> <!-- ti -->
        <test-method status="PASS" signature="NewAccountSignup()[pri:0, instance:com.playphone.msportsUI.AccountSignUpWithGoogle@192b07fd]" name="NewAccountSignup" duration-ms="43585" started-at="2017-03-16T16:16:26Z" finished-at="2017-03-16T16:17:10Z">
          <reporter-output>
          </reporter-output>
        </test-method> <!-- NewAccountSignup -->
        <test-method status="PASS" signature="tearDown()[pri:0, instance:com.playphone.msportsUI.AccountSignUpWithGoogle@192b07fd]" name="tearDown" is-config="true" duration-ms="267" started-at="2017-03-16T16:17:10Z" finished-at="2017-03-16T16:17:10Z">
          <reporter-output>
          </reporter-output>
        </test-method> <!-- tearDown -->
      </class> <!-- com.playphone.msportsUI.AccountSignUpWithGoogle -->
      <class name="com.playphone.msportsUI.HomePageSupportCommunity">
        <test-method status="PASS" signature="ti()[pri:0, instance:com.playphone.msportsUI.HomePageSupportCommunity@64bf3bbf]" name="ti" is-config="true" duration-ms="9629" started-at="2017-03-16T16:17:32Z" finished-at="2017-03-16T16:17:42Z">
          <reporter-output>
          </reporter-output>
        </test-method> <!-- ti -->
        <test-method status="PASS" signature="SupportCommunity()[pri:0, instance:com.playphone.msportsUI.HomePageSupportCommunity@64bf3bbf]" name="SupportCommunity" duration-ms="21499" started-at="2017-03-16T16:17:42Z" finished-at="2017-03-16T16:18:03Z">
          <reporter-output>
          </reporter-output>
        </test-method> <!-- SupportCommunity -->
        <test-method status="PASS" signature="tearDown()[pri:0, instance:com.playphone.msportsUI.HomePageSupportCommunity@64bf3bbf]" name="tearDown" is-config="true" duration-ms="293" started-at="2017-03-16T16:18:03Z" finished-at="2017-03-16T16:18:04Z">
          <reporter-output>
          </reporter-output>
        </test-method> <!-- tearDown -->
      </class> <!-- com.playphone.msportsUI.HomePageSupportCommunity -->
      <class name="com.playphone.msportsUI.MenuHowItWorks">
        <test-method status="PASS" signature="ti()[pri:0, instance:com.playphone.msportsUI.MenuHowItWorks@617faa95]" name="ti" is-config="true" duration-ms="9579" started-at="2017-03-16T16:20:55Z" finished-at="2017-03-16T16:21:04Z">
          <reporter-output>
          </reporter-output>
        </test-method> <!-- ti -->
        <test-method status="PASS" signature="TestValidLogin()[pri:0, instance:com.playphone.msportsUI.MenuHowItWorks@617faa95]" name="TestValidLogin" duration-ms="19052" started-at="2017-03-16T16:21:04Z" finished-at="2017-03-16T16:21:23Z">
          <reporter-output>
          </reporter-output>
        </test-method> <!-- TestValidLogin -->
        <test-method status="PASS" signature="tearDown()[pri:0, instance:com.playphone.msportsUI.MenuHowItWorks@617faa95]" name="tearDown" is-config="true" duration-ms="4285" started-at="2017-03-16T16:21:23Z" finished-at="2017-03-16T16:21:28Z">
          <reporter-output>
          </reporter-output>
        </test-method> <!-- tearDown -->
      </class> <!-- com.playphone.msportsUI.MenuHowItWorks -->
      <class name="com.playphone.msportsUI.HomePageBottomSignup">
        <test-method status="PASS" signature="ti()[pri:0, instance:com.playphone.msportsUI.HomePageBottomSignup@5025a98f]" name="ti" is-config="true" duration-ms="9890" started-at="2017-03-16T16:13:21Z" finished-at="2017-03-16T16:13:31Z">
          <reporter-output>
          </reporter-output>
        </test-method> <!-- ti -->
        <test-method status="PASS" signature="NewAccountSignup()[pri:0, instance:com.playphone.msportsUI.HomePageBottomSignup@5025a98f]" name="NewAccountSignup" duration-ms="53996" started-at="2017-03-16T16:13:31Z" finished-at="2017-03-16T16:14:25Z">
          <reporter-output>
          </reporter-output>
        </test-method> <!-- NewAccountSignup -->
        <test-method status="PASS" signature="tearDown()[pri:0, instance:com.playphone.msportsUI.HomePageBottomSignup@5025a98f]" name="tearDown" is-config="true" duration-ms="267" started-at="2017-03-16T16:14:25Z" finished-at="2017-03-16T16:14:26Z">
          <reporter-output>
          </reporter-output>
        </test-method> <!-- tearDown -->
      </class> <!-- com.playphone.msportsUI.HomePageBottomSignup -->
    </test> <!-- Sanity -->
  </suite> <!-- TestSuite -->
</testng-results>
