<?xml version="1.0" encoding="UTF-8"?>
<testng-results skipped="0" failed="0" total="1" passed="1">
  <reporter-output>
  </reporter-output>
  <suite name="Default suite" duration-ms="46671" started-at="2017-03-10T20:43:32Z" finished-at="2017-03-10T20:44:19Z">
    <groups>
    </groups>
    <test name="Default test" duration-ms="46671" started-at="2017-03-10T20:43:32Z" finished-at="2017-03-10T20:44:19Z">
      <class name="com.playphone.msportsUI.HomePageLogout">
        <test-method status="PASS" signature="ti()[pri:0, instance:com.playphone.msportsUI.HomePageLogout@56ac3a89]" name="ti" is-config="true" duration-ms="12738" started-at="2017-03-10T12:43:32Z" finished-at="2017-03-10T12:43:45Z">
          <reporter-output>
          </reporter-output>
        </test-method> <!-- ti -->
        <test-method status="PASS" signature="TestValidLogin()[pri:0, instance:com.playphone.msportsUI.HomePageLogout@56ac3a89]" name="TestValidLogin" duration-ms="33341" started-at="2017-03-10T12:43:45Z" finished-at="2017-03-10T12:44:19Z">
          <reporter-output>
          </reporter-output>
        </test-method> <!-- TestValidLogin -->
        <test-method status="PASS" signature="tearDown()[pri:0, instance:com.playphone.msportsUI.HomePageLogout@56ac3a89]" name="tearDown" is-config="true" duration-ms="576" started-at="2017-03-10T12:44:19Z" finished-at="2017-03-10T12:44:19Z">
          <reporter-output>
          </reporter-output>
        </test-method> <!-- tearDown -->
      </class> <!-- com.playphone.msportsUI.HomePageLogout -->
    </test> <!-- Default test -->
  </suite> <!-- Default suite -->
</testng-results>
