<?xml version="1.0" encoding="UTF-8"?>
<!-- Generated by org.testng.reporters.JUnitXMLReporter -->
<testsuite hostname="Siddharth-mbpr.local" name="Sanity" tests="27" failures="0" timestamp="28 Mar 2017 21:43:37 GMT" time="1881.174" errors="0">
  <testcase name="TestInvalidPassword" time="33.559" classname="com.playphone.msportsUI.AccountLoginPasswordNegative"/>
  <testcase name="TestInvalidUsername" time="31.36" classname="com.playphone.msportsUI.AccountLoginUsernameNegative"/>
  <testcase name="TestValidLogin" time="48.199" classname="com.playphone.msportsUI.AccountLoginValidUsernamePassword"/>
  <testcase name="TestValidLogin" time="63.069" classname="com.playphone.msportsUI.AccountLogout"/>
  <testcase name="NewAccountSignup" time="72.815" classname="com.playphone.msportsUI.AccountSignup"/>
  <testcase name="NewAccountSignup" time="71.443" classname="com.playphone.msportsUI.HomePageBottomSignup"/>
  <testcase name="SignupNegative" time="52.43" classname="com.playphone.msportsUI.AccountSignupNegative"/>
  <testcase name="NewAccountSignup" time="55.663" classname="com.playphone.msportsUI.AccountSignUpWithFacebook"/>
  <testcase name="NewAccountSignup" time="50.47" classname="com.playphone.msportsUI.AccountSignUpWithGoogle"/>
  <testcase name="SupportFAQ" time="15.959" classname="com.playphone.msportsUI.HomePageSupportFAQ"/>
  <testcase name="SupportCommunity" time="21.616" classname="com.playphone.msportsUI.HomePageSupportCommunity"/>
  <testcase name="SupportFeedback" time="13.137" classname="com.playphone.msportsUI.HomePageSupportFeedback"/>
  <testcase name="SupportPrivacyPolicy" time="14.849" classname="com.playphone.msportsUI.HomePageSupportPrivacyPolicy"/>
  <testcase name="SupportTC" time="14.073" classname="com.playphone.msportsUI.HomePageSupportTC"/>
  <testcase name="SupportContactUs" time="13.044" classname="com.playphone.msportsUI.HomePageSupportContactUs"/>
  <testcase name="TestValidLogin" time="53.524" classname="com.playphone.msportsUI.HomePageLogout"/>
  <testcase name="forgotpassword" time="26.315" classname="com.playphone.msportsUI.forgotpasswordloginpage"/>
  <testcase name="TestValidLogin" time="21.193" classname="com.playphone.msportsUI.MenuHowItWorks"/>
  <testcase name="PrivacyPolicy" time="52.16" classname="com.playphone.msportsUI.SignupPrivacyPolicy"/>
  <testcase name="TestValidLogin" time="52.505" classname="com.playphone.msportsUI.EditUserProfile"/>
  <testcase name="TestValidLogin" time="57.099" classname="com.playphone.msportsUI.LogOutEditProfilePage"/>
  <testcase name="TestValidLogin" time="46.08" classname="com.playphone.msportsUI.SpinsPage"/>
  <testcase name="TestValidLogin" time="59.104" classname="com.playphone.msportsUI.AllGamesMenu"/>
  <testcase name="loginclickPlaynow" time="97.963" classname="com.playphone.msportsUI.LoginClickPlayNow"/>
  <testcase name="TestValidLogin" time="73.177" classname="com.playphone.msportsUI.LoginPlayTournament0"/>
  <testcase name="TestValidLogin" time="44.306" classname="com.playphone.msportsUI.playTournamentMsportsClose"/>
  <testcase name="TestValidLogin" time="50.832" classname="com.playphone.msportsUI.myTournamentsMenu"/>
</testsuite> <!-- Sanity -->
